/home/cpsc4520_bcw45/.conda/envs/multimodal_env/lib/python3.11/site-packages/muon/_core/preproc.py:31: FutureWarning: `__version__` is deprecated, use `importlib.metadata.version('scanpy')` instead
  if Version(scanpy.__version__) < Version("1.10"):
usage: train_contrastive_tf.py [-h] [--data_path DATA_PATH]
                               [--output_dir OUTPUT_DIR] [--seed SEED] [--cpu]
                               [--label_col LABEL_COL] [--donor_col DONOR_COL]
                               [--test_donors [TEST_DONORS ...]]
                               [--test_size TEST_SIZE] [--val_ratio VAL_RATIO]
                               [--d_model D_MODEL] [--nhead NHEAD]
                               [--num_layers NUM_LAYERS]
                               [--dim_feedforward DIM_FEEDFORWARD]
                               [--dropout DROPOUT]
                               [--embedding_dim EMBEDDING_DIM]
                               [--classifier_hidden_dim CLASSIFIER_HIDDEN_DIM]
                               [--classifier_dropout CLASSIFIER_DROPOUT]
                               [--batch_size BATCH_SIZE] [--lr LR]
                               [--weight_decay WEIGHT_DECAY]
                               [--temperature TEMPERATURE]
                               [--contrastive_epochs CONTRASTIVE_EPOCHS]
                               [--classifier_epochs CLASSIFIER_EPOCHS]
                               [--patience PATIENCE] [--min_delta MIN_DELTA]
                               [--save_attention] [--no_save_attention]
                               [--gene_sets_path GENE_SETS_PATH]
                               [--max_cells MAX_CELLS]
train_contrastive_tf.py: error: unrecognized arguments: —contrastive_epochs 1 —classifier_epochs 1
