/home/cpsc4520_bcw45/.conda/envs/multimodal_env/lib/python3.11/site-packages/muon/_core/preproc.py:31: FutureWarning: `__version__` is deprecated, use `importlib.metadata.version('scanpy')` instead
  if Version(scanpy.__version__) < Version("1.10"):
/home/cpsc4520_bcw45/.conda/envs/multimodal_env/lib/python3.11/site-packages/anndata/_core/anndata.py:1825: UserWarning: Variable names are not unique. To make them unique, call `.var_names_make_unique`.
  utils.warn_names_duplicates("var")
Using device: cuda
Loading dataset from data/GSE194122_openproblems_neurips2021_cite_BMMC_processed.h5ad.gz...
  Shape: (90261, 14087)
  var columns: ['feature_types', 'gene_id']
  obs columns: ['GEX_n_genes_by_counts', 'GEX_pct_counts_mt', 'GEX_size_factors', 'GEX_phase', 'ADT_n_antibodies_by_counts']... (total 26)
  feature_types: {'GEX': 13953, 'ADT': 134}
Cell type labels: 45 classes
  {'B1 B IGKC+': 0, 'B1 B IGKC-': 1, 'CD14+ Mono': 2, 'CD16+ Mono': 3, 'CD4+ T CD314+ CD45RA+': 4, 'CD4+ T activated': 5, 'CD4+ T activated integrinB7+': 6, 'CD4+ T naive': 7, 'CD8+ T CD49f+': 8, 'CD8+ T CD57+ CD45RA+': 9, 'CD8+ T CD57+ CD45RO+': 10, 'CD8+ T CD69+ CD45RA+': 11, 'CD8+ T CD69+ CD45RO+': 12, 'CD8+ T TIGIT+ CD45RA+': 13, 'CD8+ T TIGIT+ CD45RO+': 14, 'CD8+ T naive': 15, 'CD8+ T naive CD127+ CD26- CD101-': 16, 'Erythroblast': 17, 'G/M prog': 18, 'HSC': 19, 'ILC': 20, 'ILC1': 21, 'Lymph prog': 22, 'MAIT': 23, 'MK/E prog': 24, 'NK': 25, 'NK CD158e1+': 26, 'Naive CD20+ B IGKC+': 27, 'Naive CD20+ B IGKC-': 28, 'Normoblast': 29, 'Plasma cell IGKC+': 30, 'Plasma cell IGKC-': 31, 'Plasmablast IGKC+': 32, 'Plasmablast IGKC-': 33, 'Proerythroblast': 34, 'Reticulocyte': 35, 'T prog cycling': 36, 'T reg': 37, 'Transitional B': 38, 'cDC1': 39, 'cDC2': 40, 'dnT': 41, 'gdT CD158b+': 42, 'gdT TCRVD2+': 43, 'pDC': 44}
Split modalities: RNA (90261, 13953), Protein (90261, 134)
Loading gene sets from data/kegg_2021_human.json...
Building pathway tokens (KEGG_2021_Human)...
Pathway tokens output shape: (90261, 313)
  313 pathways included (>= 5 genes)
  Pathway matrix shape: (90261, 313)
Protein CLR output shape: (72208, 134)
Protein CLR output shape: (18053, 134)
Prepared: train pathway (72208, 313), train protein (72208, 134)

=== Stage A: Contrastive pretraining ===
[Stage A] Epoch 001 | train=4.7721 | val=3.8528 | best=3.8528
Loaded best Stage A weights from epoch 1.

=== Stage B: Classifier training ===
[Stage B] Epoch 001 | train=2.0426 | val_acc=0.5749

Extracting attention weights from test set...
  RNA attention: (18053, 313), Protein attention: (18053, 134)
Attention weights saved to results/checkpoints/contrastive_tf_seed42_20260414_190721/
Test embeddings saved: rna (18053, 128), protein (18053, 128)

=== Training complete ===
Run directory: results/checkpoints/contrastive_tf_seed42_20260414_190721
Final test accuracy: 0.5748
Final macro AUROC:   0.9517
